2025-09-11 15:49:16,817 - INFO - Connection to Supabase DB successful
2025-09-11 15:49:16,819 - INFO - Fectching Data:
2025-09-11 15:49:16,935 - INFO - Starting the Snack Index data collection pipeline.
2025-09-11 15:49:16,935 - INFO - Fetching last known stock prices for fallback...
2025-09-11 15:49:16,994 - INFO - Successfully created fallback map for 19 snacks.
2025-09-11 15:49:16,994 - INFO - Processing: coca-cola
2025-09-11 15:49:16,994 - INFO - Waiting for 4.69 seconds before Google Trends request...
2025-09-11 15:49:22,175 - WARNING - Rate limit hit. Waiting for 15 seconds before retrying.
2025-09-11 15:49:37,725 - WARNING - Rate limit hit. Waiting for 30 seconds before retrying.
2025-09-11 15:50:08,394 - WARNING - Rate limit hit. Waiting for 60 seconds before retrying.
2025-09-11 15:51:08,399 - ERROR - Failed to fetch Google Trends data for '['Coca cola', 'Coke']' after 3 attempts.
2025-09-11 15:51:08,399 - INFO - Searching Reddit for query: '"Coca cola" OR "Coke"'
2025-09-11 15:51:38,398 - WARNING - Retrying due to ConnectionError(MaxRetryError('HTTPSConnectionPool(host=\'www.reddit.com\', port=443): Max retries exceeded with url: /api/v1/access_token (Caused by NameResolutionError("<urllib3.connection.HTTPSConnection object at 0x10b5f9590>: Failed to resolve \'www.reddit.com\' ([Errno 8] nodename nor servname provided, or not known)"))')) status: GET https://oauth.reddit.com/r/snacks+fastfood+food+soda/search/
2025-09-11 15:52:08,929 - WARNING - Retrying due to ConnectionError(MaxRetryError('HTTPSConnectionPool(host=\'www.reddit.com\', port=443): Max retries exceeded with url: /api/v1/access_token (Caused by NameResolutionError("<urllib3.connection.HTTPSConnection object at 0x10b5f9450>: Failed to resolve \'www.reddit.com\' ([Errno 8] nodename nor servname provided, or not known)"))')) status: GET https://oauth.reddit.com/r/snacks+fastfood+food+soda/search/
2025-09-11 15:54:25,421 - INFO - Connection to Supabase DB successful
2025-09-11 15:54:25,422 - INFO - Fectching Data:
2025-09-11 15:54:25,747 - INFO - Starting the Snack Index data collection pipeline.
2025-09-11 15:54:25,747 - INFO - Fetching last known stock prices for fallback...
2025-09-11 15:54:25,837 - INFO - Successfully created fallback map for 19 snacks.
2025-09-11 15:54:25,838 - INFO - Processing: coca-cola
2025-09-11 15:54:25,838 - INFO - Waiting for 3.67 seconds before Google Trends request...
2025-09-11 15:54:30,355 - INFO - Searching Reddit for query: '"Coca cola" OR "Coke"'
2025-09-11 15:54:31,806 - INFO - Searching NewsAPI for query: '("Coca cola" OR "Coke") NOT stock NOT shares NOT earnings NOT nasdaq NOT nyse'
2025-09-11 15:54:32,356 - INFO - Starting Stock Price Lookup for KO
2025-09-11 15:54:32,904 - INFO - Successfully saved metrics for snack_id: 9
2025-09-11 15:54:32,905 - INFO - Finished processing for coca-cola. Log summary:
2025-09-11 15:54:32,905 - INFO - Google Trends Score: 87
2025-09-11 15:54:32,905 - INFO - Reddit Mentions: 2, Avg Sentiment: -0.2079
2025-09-11 15:54:32,905 - INFO - News Articles: 21, Avg Sentiment: 0.2365
2025-09-11 15:54:32,905 - INFO - Stock Price for KO: $67.62
2025-09-11 15:54:32,906 - INFO - Database connection closed.
2025-09-11 16:00:05,383 - INFO - Connection to Supabase DB successful
2025-09-11 16:00:05,383 - INFO - Fectching Data:
2025-09-11 16:00:05,537 - INFO - Starting the Snack Index data collection pipeline.
2025-09-11 16:00:05,537 - INFO - Fetching last known stock prices for fallback...
2025-09-11 16:00:05,609 - INFO - Successfully created fallback map for 19 snacks.
2025-09-11 16:00:05,609 - INFO - Processing: coca-cola
2025-09-11 16:00:05,609 - INFO - Waiting for 3.86 seconds before Google Trends request...
2025-09-11 16:00:10,169 - INFO - Searching Reddit for query: '"Coca cola" OR "Coke"'
2025-09-11 16:00:11,342 - INFO - Searching NewsAPI for query: '("Coca cola" OR "Coke") NOT stock NOT shares NOT earnings NOT nasdaq NOT nyse'
2025-09-11 16:00:11,690 - ERROR - Failed to insert mention with URL https://www.reddit.com/r/fastfood/comments/1nebjiz/churches_smokehouse_fried_rat_what_are_your/: 'sentiment_score'
2025-09-11 16:00:11,690 - ERROR - Failed to insert mention with URL https://www.reddit.com/r/Soda/comments/1ndz3tn/sanpellegrino_clementina/: 'sentiment_score'
2025-09-11 16:00:11,690 - ERROR - Failed to insert mention with URL https://www.npr.org/2025/09/10/nx-s1-5529399/sugar-health-climate-change: 'sentiment_score'
2025-09-11 16:00:11,690 - ERROR - Failed to insert mention with URL https://www.disneyfoodblog.com/2025/09/10/alert-you-can-win-a-trip-to-epic-universe-but-youll-want-to-hurry/: 'sentiment_score'
2025-09-11 16:00:11,691 - ERROR - Failed to insert mention with URL https://www.thelocal.de/20250910/today-in-germany-a-roundup-of-the-latest-news-on-wednesday-85: 'sentiment_score'
2025-09-11 16:00:11,691 - ERROR - Failed to insert mention with URL https://www.cracked.com/article_48244_14-celebrities-who-blamed-their-downfall-on-the-darndest-things.html: 'sentiment_score'
2025-09-11 16:00:11,691 - ERROR - Failed to insert mention with URL https://allears.net/2025/09/10/want-to-win-a-free-trip-to-epic-universe-heres-how/: 'sentiment_score'
2025-09-11 16:00:11,691 - ERROR - Failed to insert mention with URL https://www.adweek.com/media/mycode-kristen-elliott-chief-revenue-officer/: 'sentiment_score'
2025-09-11 16:00:11,691 - ERROR - Failed to insert mention with URL https://www.fark.com/comments/13806126/A-deep-dive-into-what-might-well-be-one-of-greatest-controversies-of-our-time-Womens-pockets: 'sentiment_score'
2025-09-11 16:00:11,691 - ERROR - Failed to insert mention with URL https://radaronline.com/p/drug-smugglers-facing-death-penalty-cocaine-cartel-bali/: 'sentiment_score'
2025-09-11 16:00:11,691 - ERROR - Failed to insert mention with URL https://sf.funcheap.com/50th-anniversary-pepsi-challenge-berkeleys-memorial-stadium/: 'sentiment_score'
2025-09-11 16:00:11,691 - ERROR - Failed to insert mention with URL https://www.cbc.ca/news/canada/toronto/toronto-detective-charged-with-drug-posession-1.7629057: 'sentiment_score'
2025-09-11 16:00:11,691 - ERROR - Failed to insert mention with URL https://biztoc.com/x/0b035614421f0995: 'sentiment_score'
2025-09-11 16:00:11,691 - ERROR - Failed to insert mention with URL https://www.activistpost.com/unmasking-cdc-corruption-rfks-battle-to-reform-public-health/: 'sentiment_score'
2025-09-11 16:00:11,692 - ERROR - Failed to insert mention with URL https://www.globenewswire.com/news-release/2025/09/10/3147962/0/en/Women-s-Enterprise-Organizations-of-Canada-Names-Victoria-Lennox-CEO-to-Lead-National-Strategy-for-Women-in-Business.html: 'sentiment_score'
2025-09-11 16:00:11,692 - ERROR - Failed to insert mention with URL https://financialpost.com/globe-newswire/womens-enterprise-organizations-of-canada-names-victoria-lennox-ceo-to-lead-national-strategy-for-women-in-business: 'sentiment_score'
2025-09-11 16:00:11,692 - ERROR - Failed to insert mention with URL https://www.globenewswire.com/news-release/2025/09/10/3147967/0/en/ThoughtSpot-Redefines-Analytics-with-Boundaryless-Agentic-Intelligence.html: 'sentiment_score'
2025-09-11 16:00:11,692 - ERROR - Failed to insert mention with URL https://www.propublica.org/article/mental-health-suicide-highmark-bcbs-insurance-denials: 'sentiment_score'
2025-09-11 16:00:11,692 - ERROR - Failed to insert mention with URL https://www.southernsavers.com/lowes-foods-weekly-ad-910-916/: 'sentiment_score'
2025-09-11 16:00:11,692 - ERROR - Failed to insert mention with URL https://uproxx.com/music/doja-cat-vie-deluxe-announce-max-headroom/: 'sentiment_score'
2025-09-11 16:00:11,692 - ERROR - Failed to insert mention with URL https://www.abc.net.au/news/2025-09-10/family-heartbroken-as-warrnambool-internet-sensation-wally-dies/105756350: 'sentiment_score'
2025-09-11 16:00:11,692 - ERROR - Failed to insert mention with URL https://variety.com/2025/film/global/youplanet-studios-launch-beltran-gortazar-ceo-1236513855/: 'sentiment_score'
2025-09-11 16:00:11,692 - ERROR - Failed to insert mention with URL https://feber.se/film/taika-waititi-ska-gora-musikal-om-kaosfestivalen-fyre/483213/: 'sentiment_score'
2025-09-11 16:00:11,748 - INFO - Starting Stock Price Lookup for KO
2025-09-11 16:00:12,180 - INFO - Successfully saved metrics for snack_id: 9
2025-09-11 16:00:12,180 - INFO - Finished processing for coca-cola. Log summary:
2025-09-11 16:00:12,181 - INFO - Google Trends Score: 78
2025-09-11 16:00:12,181 - INFO - Reddit Mentions: 2, Avg Sentiment: -0.2079
2025-09-11 16:00:12,181 - INFO - News Articles: 21, Avg Sentiment: 0.2365
2025-09-11 16:00:12,181 - INFO - Stock Price for KO: $67.62
2025-09-11 16:00:12,182 - INFO - Database connection closed.
2025-09-11 16:02:10,206 - INFO - Connection to Supabase DB successful
2025-09-11 16:02:10,207 - INFO - Fectching Data:
2025-09-11 16:02:10,410 - INFO - Starting the Snack Index data collection pipeline.
2025-09-11 16:02:10,410 - INFO - Fetching last known stock prices for fallback...
2025-09-11 16:02:10,490 - INFO - Successfully created fallback map for 19 snacks.
2025-09-11 16:02:10,490 - INFO - Processing: coca-cola
2025-09-11 16:02:10,491 - INFO - Waiting for 4.86 seconds before Google Trends request...
2025-09-11 16:02:16,499 - INFO - Searching Reddit for query: '"Coca cola" OR "Coke"'
2025-09-11 16:03:45,843 - INFO - Connection to Supabase DB successful
2025-09-11 16:03:45,844 - INFO - Fectching Data:
2025-09-11 16:03:45,976 - INFO - Starting the Snack Index data collection pipeline.
2025-09-11 16:03:45,976 - INFO - Fetching last known stock prices for fallback...
2025-09-11 16:03:46,037 - INFO - Successfully created fallback map for 19 snacks.
2025-09-11 16:03:46,038 - INFO - Processing: coca-cola
2025-09-11 16:03:46,038 - INFO - Waiting for 4.65 seconds before Google Trends request...
2025-09-11 16:03:51,384 - INFO - Searching Reddit for query: '"Coca cola" OR "Coke"'
2025-09-11 16:03:52,638 - INFO - Searching NewsAPI for query: '("Coca cola" OR "Coke") NOT stock NOT shares NOT earnings NOT nasdaq NOT nyse'
2025-09-11 16:03:54,663 - INFO - Successfully inserted 23 new mentions for snack_id 9.
2025-09-11 16:03:54,663 - INFO - Starting Stock Price Lookup for KO
2025-09-11 16:03:55,192 - INFO - Successfully saved metrics for snack_id: 9
2025-09-11 16:03:55,192 - INFO - Finished processing for coca-cola. Log summary:
2025-09-11 16:03:55,193 - INFO - Google Trends Score: 83
2025-09-11 16:03:55,193 - INFO - Reddit Mentions: 2, Avg Sentiment: -0.2079
2025-09-11 16:03:55,193 - INFO - News Articles: 21, Avg Sentiment: 0.2365
2025-09-11 16:03:55,193 - INFO - Stock Price for KO: $67.62
2025-09-11 16:03:55,194 - INFO - Database connection closed.
2025-09-11 16:11:37,393 - INFO - Connection to Supabase DB successful
2025-09-11 16:11:37,395 - INFO - Fectching Data:
2025-09-11 16:11:37,516 - INFO - Starting the Snack Index data collection pipeline.
2025-09-11 16:11:37,516 - INFO - Fetching last known stock prices for fallback...
2025-09-11 16:11:37,581 - INFO - Successfully created fallback map for 19 snacks.
2025-09-11 16:11:37,581 - INFO - Processing: hot-cheetos
2025-09-11 16:11:37,581 - INFO - Waiting for 2.68 seconds before Google Trends request...
2025-09-11 16:11:41,077 - INFO - Searching Reddit for query: '"Hot Cheetos" OR "Flamin Hot Cheetos"'
2025-09-11 16:11:41,872 - INFO - Searching NewsAPI for query: '("Hot Cheetos" OR "Flamin Hot Cheetos") NOT stock NOT shares NOT earnings NOT nasdaq NOT nyse'
2025-09-11 16:11:42,271 - INFO - Starting Stock Price Lookup for PEP
2025-09-11 16:11:42,705 - INFO - Successfully saved metrics for snack_id: 4
2025-09-11 16:11:42,706 - INFO - Finished processing for hot-cheetos. Log summary:
2025-09-11 16:11:42,706 - INFO - Google Trends Score: 24
2025-09-11 16:11:42,706 - INFO - Reddit Mentions: 0, Avg Sentiment: 0.0000
2025-09-11 16:11:42,706 - INFO - News Articles: 0, Avg Sentiment: 0.0000
2025-09-11 16:11:42,706 - INFO - Stock Price for PEP: $144.23
2025-09-11 16:11:42,707 - INFO - Database connection closed.
2025-09-11 16:14:59,040 - INFO - Connection to Supabase DB successful
2025-09-11 16:14:59,041 - INFO - Fectching Data:
2025-09-11 16:14:59,189 - INFO - SNACK CONFIG TEST
2025-09-11 16:14:59,190 - INFO - Starting the Snack Index data collection pipeline.
2025-09-11 16:14:59,190 - INFO - Fetching last known stock prices for fallback...
2025-09-11 16:14:59,276 - INFO - Successfully created fallback map for 19 snacks.
2025-09-11 16:14:59,276 - INFO - Processing: hot-cheetos
2025-09-11 16:14:59,276 - INFO - Waiting for 2.39 seconds before Google Trends request...
2025-09-11 16:15:02,437 - INFO - Searching Reddit for query: '"Hot Cheetos" OR "Flamin Hot Cheetos"'
2025-09-11 16:15:03,232 - INFO - Searching NewsAPI for query: '("Hot Cheetos" OR "Flamin Hot Cheetos") NOT stock NOT shares NOT earnings NOT nasdaq NOT nyse'
2025-09-11 16:15:03,509 - INFO - Starting Stock Price Lookup for PEP
2025-09-11 16:15:03,927 - INFO - Successfully saved metrics for snack_id: 4
2025-09-11 16:15:03,927 - INFO - Finished processing for hot-cheetos. Log summary:
2025-09-11 16:15:03,927 - INFO - Google Trends Score: 0
2025-09-11 16:15:03,927 - INFO - Reddit Mentions: 0, Avg Sentiment: 0.0000
2025-09-11 16:15:03,928 - INFO - News Articles: 0, Avg Sentiment: 0.0000
2025-09-11 16:15:03,928 - INFO - Stock Price for PEP: $144.23
2025-09-11 16:15:03,928 - INFO - Database connection closed.
2025-09-11 16:15:43,554 - INFO - Connection to Supabase DB successful
2025-09-11 16:15:43,554 - INFO - Fectching Data:
2025-09-11 16:15:43,677 - INFO - Starting the Snack Index data collection pipeline.
2025-09-11 16:15:43,678 - INFO - Fetching last known stock prices for fallback...
2025-09-11 16:15:43,736 - INFO - Successfully created fallback map for 19 snacks.
2025-09-11 16:15:43,737 - INFO - Processing: hot-cheetos
2025-09-11 16:15:43,737 - INFO - Waiting for 4.08 seconds before Google Trends request...
2025-09-11 16:15:48,605 - INFO - Searching Reddit for query: '"Hot Cheetos" OR "Flamin Hot Cheetos"'
2025-09-11 16:15:49,906 - INFO - Searching NewsAPI for query: '("Hot Cheetos" OR "Flamin Hot Cheetos") NOT stock NOT shares NOT earnings NOT nasdaq NOT nyse'
2025-09-11 16:15:50,197 - INFO - Starting Stock Price Lookup for PEP
2025-09-11 16:15:50,566 - INFO - Successfully saved metrics for snack_id: 4
2025-09-11 16:15:50,566 - INFO - Finished processing for hot-cheetos. Log summary:
2025-09-11 16:15:50,567 - INFO - Google Trends Score: 0
2025-09-11 16:15:50,567 - INFO - Reddit Mentions: 0, Avg Sentiment: 0.0000
2025-09-11 16:15:50,567 - INFO - News Articles: 0, Avg Sentiment: 0.0000
2025-09-11 16:15:50,567 - INFO - Stock Price for PEP: $144.23
2025-09-11 16:15:50,567 - INFO - Processing: oreo-cookies
2025-09-11 16:15:50,568 - INFO - Waiting for 2.01 seconds before Google Trends request...
2025-09-11 16:15:53,638 - INFO - Searching Reddit for query: '"Oreo Cookies" OR "Oreo"'
2025-09-11 16:15:54,701 - INFO - Searching NewsAPI for query: '("Oreo Cookies" OR "Oreo") NOT stock NOT shares NOT earnings NOT nasdaq NOT nyse'
2025-09-11 16:15:55,297 - INFO - Successfully inserted 3 new mentions for snack_id 5.
2025-09-11 16:15:55,297 - INFO - Starting Stock Price Lookup for MDLZ
2025-09-11 16:15:55,574 - INFO - Successfully saved metrics for snack_id: 5
2025-09-11 16:15:55,574 - INFO - Finished processing for oreo-cookies. Log summary:
2025-09-11 16:15:55,575 - INFO - Google Trends Score: 32
2025-09-11 16:15:55,575 - INFO - Reddit Mentions: 1, Avg Sentiment: -0.6767
2025-09-11 16:15:55,575 - INFO - News Articles: 2, Avg Sentiment: 0.5478
2025-09-11 16:15:55,575 - INFO - Stock Price for MDLZ: $62.05
2025-09-11 16:15:55,575 - INFO - Processing: reese's-peanut-butter-cups
2025-09-11 16:15:55,575 - INFO - Waiting for 2.03 seconds before Google Trends request...
2025-09-11 16:15:58,439 - INFO - Searching Reddit for query: '"Reese's Peanut Butter Cups" OR "Reese's"'
2025-09-11 16:15:59,088 - INFO - Searching NewsAPI for query: '("Reese's Peanut Butter Cups" OR "Reese's") NOT stock NOT shares NOT earnings NOT nasdaq NOT nyse'
2025-09-11 16:15:59,932 - INFO - Successfully inserted 5 new mentions for snack_id 17.
2025-09-11 16:15:59,933 - INFO - Starting Stock Price Lookup for HSY
2025-09-11 16:16:00,201 - INFO - Successfully saved metrics for snack_id: 17
2025-09-11 16:16:00,202 - INFO - Finished processing for reese's-peanut-butter-cups. Log summary:
2025-09-11 16:16:00,202 - INFO - Google Trends Score: 0
2025-09-11 16:16:00,202 - INFO - Reddit Mentions: 1, Avg Sentiment: -0.6767
2025-09-11 16:16:00,202 - INFO - News Articles: 12, Avg Sentiment: 0.0187
2025-09-11 16:16:00,202 - INFO - Stock Price for HSY: $185.55
2025-09-11 16:16:00,203 - INFO - Processing: hershey's-bar
2025-09-11 16:16:00,203 - INFO - Waiting for 2.67 seconds before Google Trends request...
2025-09-11 16:16:03,878 - INFO - Searching Reddit for query: '"Hershey's Bar" OR "Hershey's"'
2025-09-11 16:16:05,020 - INFO - Searching NewsAPI for query: '("Hershey's Bar" OR "Hershey's") NOT stock NOT shares NOT earnings NOT nasdaq NOT nyse'
2025-09-11 16:16:05,547 - INFO - Successfully inserted 1 new mentions for snack_id 18.
2025-09-11 16:16:05,547 - INFO - Using cached stock price for HSY: $185.55
2025-09-11 16:16:05,721 - INFO - Successfully saved metrics for snack_id: 18
2025-09-11 16:16:05,721 - INFO - Finished processing for hershey's-bar. Log summary:
2025-09-11 16:16:05,721 - INFO - Google Trends Score: 0
2025-09-11 16:16:05,721 - INFO - Reddit Mentions: 1, Avg Sentiment: 0.8129
2025-09-11 16:16:05,722 - INFO - News Articles: 0, Avg Sentiment: 0.0000
2025-09-11 16:16:05,722 - INFO - Stock Price for HSY: $185.55
2025-09-11 16:16:05,722 - INFO - Processing: goldfish-crackers
2025-09-11 16:16:05,722 - INFO - Waiting for 2.65 seconds before Google Trends request...
2025-09-11 16:16:09,208 - INFO - Searching Reddit for query: '"Goldfish Crackers" OR "Goldfish"'
2025-09-11 16:16:09,742 - INFO - Searching NewsAPI for query: '("Goldfish Crackers" OR "Goldfish") NOT stock NOT shares NOT earnings NOT nasdaq NOT nyse'
2025-09-11 16:16:10,497 - INFO - Successfully inserted 5 new mentions for snack_id 20.
2025-09-11 16:16:10,498 - INFO - Starting Stock Price Lookup for CPB
2025-09-11 16:16:10,779 - INFO - Successfully saved metrics for snack_id: 20
2025-09-11 16:16:10,779 - INFO - Finished processing for goldfish-crackers. Log summary:
2025-09-11 16:16:10,779 - INFO - Google Trends Score: 0
2025-09-11 16:16:10,780 - INFO - Reddit Mentions: 0, Avg Sentiment: 0.0000
2025-09-11 16:16:10,780 - INFO - News Articles: 6, Avg Sentiment: 0.6326
2025-09-11 16:16:10,780 - INFO - Stock Price for CPB: $33.76
2025-09-11 16:16:10,780 - INFO - Processing: ritz-crackers
2025-09-11 16:16:10,780 - INFO - Waiting for 2.59 seconds before Google Trends request...
2025-09-11 16:16:14,173 - INFO - Searching Reddit for query: '"Ritz Crackers" OR "Ritz"'
2025-09-11 16:16:14,644 - INFO - Searching NewsAPI for query: '("Ritz Crackers" OR "Ritz") NOT stock NOT shares NOT earnings NOT nasdaq NOT nyse'
2025-09-11 16:16:15,582 - INFO - Successfully inserted 5 new mentions for snack_id 21.
2025-09-11 16:16:15,582 - INFO - Using cached stock price for MDLZ: $62.05
2025-09-11 16:16:15,782 - INFO - Successfully saved metrics for snack_id: 21
2025-09-11 16:16:15,782 - INFO - Finished processing for ritz-crackers. Log summary:
2025-09-11 16:16:15,782 - INFO - Google Trends Score: 40
2025-09-11 16:16:15,782 - INFO - Reddit Mentions: 0, Avg Sentiment: 0.0000
2025-09-11 16:16:15,782 - INFO - News Articles: 11, Avg Sentiment: 0.2385
2025-09-11 16:16:15,782 - INFO - Stock Price for MDLZ: $62.05
2025-09-11 16:16:15,783 - INFO - Processing: gatorade
2025-09-11 16:16:15,783 - INFO - Waiting for 4.49 seconds before Google Trends request...
2025-09-11 16:16:21,040 - INFO - Searching Reddit for query: '"Gatorade"'
2025-09-11 16:16:21,590 - INFO - Searching NewsAPI for query: '("Gatorade") NOT stock NOT shares NOT earnings NOT nasdaq NOT nyse'
2025-09-11 16:16:22,262 - INFO - Successfully inserted 4 new mentions for snack_id 11.
2025-09-11 16:16:22,262 - INFO - Using cached stock price for PEP: $144.23
2025-09-11 16:16:22,451 - INFO - Successfully saved metrics for snack_id: 11
2025-09-11 16:16:22,451 - INFO - Finished processing for gatorade. Log summary:
2025-09-11 16:16:22,451 - INFO - Google Trends Score: 85
2025-09-11 16:16:22,451 - INFO - Reddit Mentions: 0, Avg Sentiment: 0.0000
2025-09-11 16:16:22,451 - INFO - News Articles: 4, Avg Sentiment: 0.6568
2025-09-11 16:16:22,451 - INFO - Stock Price for PEP: $144.23
2025-09-11 16:16:22,452 - INFO - Processing: lay's
2025-09-11 16:16:22,452 - INFO - Waiting for 3.32 seconds before Google Trends request...
2025-09-11 16:16:26,601 - INFO - Searching Reddit for query: '"Lay's"'
2025-09-11 16:16:27,086 - INFO - Searching NewsAPI for query: '("Lay's") NOT stock NOT shares NOT earnings NOT nasdaq NOT nyse'
2025-09-11 16:16:27,348 - INFO - Using cached stock price for PEP: $144.23
2025-09-11 16:16:27,550 - INFO - Successfully saved metrics for snack_id: 12
2025-09-11 16:16:27,550 - INFO - Finished processing for lay's. Log summary:
2025-09-11 16:16:27,550 - INFO - Google Trends Score: 0
2025-09-11 16:16:27,550 - INFO - Reddit Mentions: 0, Avg Sentiment: 0.0000
2025-09-11 16:16:27,551 - INFO - News Articles: 0, Avg Sentiment: 0.0000
2025-09-11 16:16:27,551 - INFO - Stock Price for PEP: $144.23
2025-09-11 16:16:27,551 - INFO - Processing: doritos
2025-09-11 16:16:27,551 - INFO - Waiting for 2.47 seconds before Google Trends request...
2025-09-11 16:16:30,840 - INFO - Searching Reddit for query: '"Doritos"'
2025-09-11 16:16:31,378 - INFO - Searching NewsAPI for query: '("Doritos") NOT stock NOT shares NOT earnings NOT nasdaq NOT nyse'
2025-09-11 16:16:32,106 - INFO - Successfully inserted 5 new mentions for snack_id 10.
2025-09-11 16:16:32,107 - INFO - Using cached stock price for PEP: $144.23
2025-09-11 16:16:32,335 - INFO - Successfully saved metrics for snack_id: 10
2025-09-11 16:16:32,336 - INFO - Finished processing for doritos. Log summary:
2025-09-11 16:16:32,336 - INFO - Google Trends Score: 60
2025-09-11 16:16:32,336 - INFO - Reddit Mentions: 0, Avg Sentiment: 0.0000
2025-09-11 16:16:32,336 - INFO - News Articles: 6, Avg Sentiment: 0.5285
2025-09-11 16:16:32,337 - INFO - Stock Price for PEP: $144.23
2025-09-11 16:16:32,337 - INFO - Processing: cheez-it
2025-09-11 16:16:32,337 - INFO - Waiting for 4.07 seconds before Google Trends request...
2025-09-11 16:16:37,185 - INFO - Searching Reddit for query: '"Cheez-it"'
2025-09-11 16:16:37,641 - INFO - Searching NewsAPI for query: '("Cheez-it") NOT stock NOT shares NOT earnings NOT nasdaq NOT nyse'
2025-09-11 16:16:37,837 - INFO - Starting Stock Price Lookup for K
2025-09-11 16:16:38,106 - INFO - Successfully saved metrics for snack_id: 2
2025-09-11 16:16:38,106 - INFO - Finished processing for cheez-it. Log summary:
2025-09-11 16:16:38,107 - INFO - Google Trends Score: 0
2025-09-11 16:16:38,107 - INFO - Reddit Mentions: 0, Avg Sentiment: 0.0000
2025-09-11 16:16:38,107 - INFO - News Articles: 0, Avg Sentiment: 0.0000
2025-09-11 16:16:38,107 - INFO - Stock Price for K: $79.58
2025-09-11 16:16:38,107 - INFO - Processing: ruffles
2025-09-11 16:16:38,108 - INFO - Waiting for 3.46 seconds before Google Trends request...
2025-09-11 16:16:42,373 - INFO - Searching Reddit for query: '"Ruffles"'
2025-09-11 16:16:42,947 - INFO - Searching NewsAPI for query: '("Ruffles") NOT stock NOT shares NOT earnings NOT nasdaq NOT nyse'
2025-09-11 16:16:43,711 - INFO - Successfully inserted 2 new mentions for snack_id 15.
2025-09-11 16:16:43,711 - INFO - Using cached stock price for PEP: $144.23
2025-09-11 16:16:43,904 - INFO - Successfully saved metrics for snack_id: 15
2025-09-11 16:16:43,905 - INFO - Finished processing for ruffles. Log summary:
2025-09-11 16:16:43,905 - INFO - Google Trends Score: 0
2025-09-11 16:16:43,905 - INFO - Reddit Mentions: 0, Avg Sentiment: 0.0000
2025-09-11 16:16:43,905 - INFO - News Articles: 3, Avg Sentiment: 0.2328
2025-09-11 16:16:43,905 - INFO - Stock Price for PEP: $144.23
2025-09-11 16:16:43,905 - INFO - Processing: mountain-dew
2025-09-11 16:16:43,906 - INFO - Waiting for 4.91 seconds before Google Trends request...
2025-09-11 16:16:49,648 - INFO - Searching Reddit for query: '"Mountain Dew"'
2025-09-11 16:16:50,419 - INFO - Searching NewsAPI for query: '("Mountain Dew") NOT stock NOT shares NOT earnings NOT nasdaq NOT nyse'
2025-09-11 16:16:50,904 - INFO - Successfully inserted 1 new mentions for snack_id 13.
2025-09-11 16:16:50,905 - INFO - Using cached stock price for PEP: $144.23
2025-09-11 16:16:51,117 - INFO - Successfully saved metrics for snack_id: 13
2025-09-11 16:16:51,117 - INFO - Finished processing for mountain-dew. Log summary:
2025-09-11 16:16:51,117 - INFO - Google Trends Score: 0
2025-09-11 16:16:51,118 - INFO - Reddit Mentions: 1, Avg Sentiment: 0.7269
2025-09-11 16:16:51,118 - INFO - News Articles: 0, Avg Sentiment: 0.0000
2025-09-11 16:16:51,118 - INFO - Stock Price for PEP: $144.23
2025-09-11 16:16:51,118 - INFO - Processing: monster-energy
2025-09-11 16:16:51,118 - INFO - Waiting for 3.17 seconds before Google Trends request...
2025-09-11 16:16:55,156 - INFO - Searching Reddit for query: '"Monster Energy"'
2025-09-11 16:16:55,756 - INFO - Searching NewsAPI for query: '("Monster Energy") NOT stock NOT shares NOT earnings NOT nasdaq NOT nyse'
2025-09-11 16:16:56,278 - INFO - Successfully inserted 1 new mentions for snack_id 19.
2025-09-11 16:16:56,278 - INFO - Starting Stock Price Lookup for MNST
2025-09-11 16:16:56,532 - INFO - Successfully saved metrics for snack_id: 19
2025-09-11 16:16:56,533 - INFO - Finished processing for monster-energy. Log summary:
2025-09-11 16:16:56,533 - INFO - Google Trends Score: 0
2025-09-11 16:16:56,533 - INFO - Reddit Mentions: 0, Avg Sentiment: 0.0000
2025-09-11 16:16:56,533 - INFO - News Articles: 1, Avg Sentiment: 0.7876
2025-09-11 16:16:56,533 - INFO - Stock Price for MNST: $63.8
2025-09-11 16:16:56,533 - INFO - Processing: pepsi
2025-09-11 16:16:56,533 - INFO - Waiting for 4.30 seconds before Google Trends request...
2025-09-11 16:17:01,718 - INFO - Searching Reddit for query: '"Pepsi"'
2025-09-11 16:17:02,638 - INFO - Searching NewsAPI for query: '("Pepsi") NOT stock NOT shares NOT earnings NOT nasdaq NOT nyse'
2025-09-11 16:17:03,770 - INFO - Successfully inserted 8 new mentions for snack_id 8.
2025-09-11 16:17:03,770 - INFO - Using cached stock price for PEP: $144.23
2025-09-11 16:17:03,965 - INFO - Successfully saved metrics for snack_id: 8
2025-09-11 16:17:03,966 - INFO - Finished processing for pepsi. Log summary:
2025-09-11 16:17:03,966 - INFO - Google Trends Score: 25
2025-09-11 16:17:03,966 - INFO - Reddit Mentions: 5, Avg Sentiment: 0.1024
2025-09-11 16:17:03,966 - INFO - News Articles: 6, Avg Sentiment: 0.3543
2025-09-11 16:17:03,967 - INFO - Stock Price for PEP: $144.23
2025-09-11 16:17:03,967 - INFO - Processing: kit-kat
2025-09-11 16:17:03,967 - INFO - Waiting for 4.67 seconds before Google Trends request...
2025-09-11 16:17:09,567 - INFO - Searching Reddit for query: '"Kit Kat"'
2025-09-11 16:17:10,062 - INFO - Searching NewsAPI for query: '("Kit Kat") NOT stock NOT shares NOT earnings NOT nasdaq NOT nyse'
2025-09-11 16:17:10,339 - INFO - Using cached stock price for HSY: $185.55
2025-09-11 16:17:10,527 - INFO - Successfully saved metrics for snack_id: 16
2025-09-11 16:17:10,527 - INFO - Finished processing for kit-kat. Log summary:
2025-09-11 16:17:10,528 - INFO - Google Trends Score: 0
2025-09-11 16:17:10,528 - INFO - Reddit Mentions: 0, Avg Sentiment: 0.0000
2025-09-11 16:17:10,528 - INFO - News Articles: 0, Avg Sentiment: 0.0000
2025-09-11 16:17:10,528 - INFO - Stock Price for HSY: $185.55
2025-09-11 16:17:10,528 - INFO - Processing: fanta
2025-09-11 16:17:10,529 - INFO - Waiting for 2.67 seconds before Google Trends request...
2025-09-11 16:17:14,049 - INFO - Searching Reddit for query: '"Fanta"'
2025-09-11 16:17:14,680 - INFO - Searching NewsAPI for query: '("Fanta") NOT stock NOT shares NOT earnings NOT nasdaq NOT nyse'
2025-09-11 16:17:15,156 - INFO - Successfully inserted 1 new mentions for snack_id 1.
2025-09-11 16:17:15,156 - INFO - Starting Stock Price Lookup for KO
2025-09-11 16:17:15,427 - INFO - Successfully saved metrics for snack_id: 1
2025-09-11 16:17:15,428 - INFO - Finished processing for fanta. Log summary:
2025-09-11 16:17:15,428 - INFO - Google Trends Score: 74
2025-09-11 16:17:15,428 - INFO - Reddit Mentions: 1, Avg Sentiment: 0.8832
2025-09-11 16:17:15,429 - INFO - News Articles: 0, Avg Sentiment: 0.0000
2025-09-11 16:17:15,429 - INFO - Stock Price for KO: $67.62
2025-09-11 16:17:15,429 - INFO - Processing: sprite
2025-09-11 16:17:15,429 - INFO - Waiting for 2.01 seconds before Google Trends request...
2025-09-11 16:17:18,380 - INFO - Searching Reddit for query: '"Sprite"'
2025-09-11 16:17:18,808 - INFO - Searching NewsAPI for query: '("Sprite") NOT stock NOT shares NOT earnings NOT nasdaq NOT nyse'
2025-09-11 16:17:19,381 - INFO - Successfully inserted 2 new mentions for snack_id 3.
2025-09-11 16:17:19,381 - INFO - Using cached stock price for KO: $67.62
2025-09-11 16:17:19,567 - INFO - Successfully saved metrics for snack_id: 3
2025-09-11 16:17:19,568 - INFO - Finished processing for sprite. Log summary:
2025-09-11 16:17:19,568 - INFO - Google Trends Score: 100
2025-09-11 16:17:19,568 - INFO - Reddit Mentions: 0, Avg Sentiment: 0.0000
2025-09-11 16:17:19,568 - INFO - News Articles: 2, Avg Sentiment: 0.3347
2025-09-11 16:17:19,568 - INFO - Stock Price for KO: $67.62
2025-09-11 16:17:19,568 - INFO - Processing: tostitos
2025-09-11 16:17:19,569 - INFO - Waiting for 3.30 seconds before Google Trends request...
2025-09-11 16:17:23,673 - INFO - Searching Reddit for query: '"Tostitos"'
2025-09-11 16:17:24,093 - INFO - Searching NewsAPI for query: '("Tostitos") NOT stock NOT shares NOT earnings NOT nasdaq NOT nyse'
2025-09-11 16:17:24,651 - INFO - Using cached stock price for PEP: $144.23
2025-09-11 16:17:24,852 - INFO - Successfully saved metrics for snack_id: 14
2025-09-11 16:17:24,852 - INFO - Finished processing for tostitos. Log summary:
2025-09-11 16:17:24,852 - INFO - Google Trends Score: 0
2025-09-11 16:17:24,853 - INFO - Reddit Mentions: 0, Avg Sentiment: 0.0000
2025-09-11 16:17:24,853 - INFO - News Articles: 2, Avg Sentiment: 0.5535
2025-09-11 16:17:24,853 - INFO - Stock Price for PEP: $144.23
2025-09-11 16:17:24,853 - INFO - Processing: coca-cola
2025-09-11 16:17:24,853 - INFO - Waiting for 3.86 seconds before Google Trends request...
2025-09-11 16:17:29,353 - WARNING - Rate limit hit. Waiting for 15 seconds before retrying.
2025-09-11 16:17:44,358 - ERROR - Failed to fetch Google Trends data for '['Coca cola']' after 1 attempts.
2025-09-11 16:17:44,358 - INFO - Searching Reddit for query: '"Coca cola"'
2025-09-11 16:17:45,129 - INFO - Searching NewsAPI for query: '("Coca cola") NOT stock NOT shares NOT earnings NOT nasdaq NOT nyse'
2025-09-11 16:17:45,976 - INFO - Successfully inserted 6 new mentions for snack_id 9.
2025-09-11 16:17:45,977 - INFO - Using cached stock price for KO: $67.62
2025-09-11 16:17:46,165 - INFO - Successfully saved metrics for snack_id: 9
2025-09-11 16:17:46,165 - INFO - Finished processing for coca-cola. Log summary:
2025-09-11 16:17:46,165 - INFO - Google Trends Score: 0
2025-09-11 16:17:46,165 - INFO - Reddit Mentions: 1, Avg Sentiment: 0.0000
2025-09-11 16:17:46,165 - INFO - News Articles: 11, Avg Sentiment: 0.6019
2025-09-11 16:17:46,165 - INFO - Stock Price for KO: $67.62
2025-09-11 16:17:46,166 - INFO - Database connection closed.
